<?xml version="1.0" encoding="UTF-8"?>
<!-- Generated by org.testng.reporters.JUnitXMLReporter -->
<testsuite hostname="MacBook-Pro.fios-router.home" ignored="0" name="EmployeeProject" tests="7" failures="1" timestamp="22 Apr 2020 18:10:04 GMT" time="8.595" errors="0">
  <testcase name="checkResponseTime" time="0.007" classname="testCases.TC001_GET_allEmployees"/>
  <testcase name="checkStatusCode" time="0.011" classname="testCases.TC001_GET_allEmployees"/>
  <testcase name="checkStatusLine" time="0.007" classname="testCases.TC001_GET_allEmployees"/>
  <testcase name="validateResponseBody" time="0.071" classname="testCases.TC001_GET_allEmployees"/>
  <testcase name="getResponseBody" time="0.002" classname="testCases.TC002_POST_getEmployeeData"/>
  <testcase name="getResponseCode" time="0.003" classname="testCases.TC002_POST_getEmployeeData">
    <failure type="java.lang.AssertionError" message="expected [200] but found [400]">
      <![CDATA[java.lang.AssertionError: expected [200] but found [400]
at testCases.TC002_POST_getEmployeeData.getResponseCode(TC002_POST_getEmployeeData.java:37)
... Removed 31 stack frames]]>
    </failure>
  </testcase> <!-- getResponseCode -->
  <testcase name="responseBody" time="0.003" classname="testCases.TC003_POST_createEmployee"/>
</testsuite> <!-- EmployeeProject -->
