<?xml version="1.0" encoding="UTF-8"?>
<testng-results skipped="0" failed="1" ignored="0" total="7" passed="6">
  <reporter-output>
  </reporter-output>
  <suite name="RESTASSURED" duration-ms="8595" started-at="2020-04-22T18:09:55Z" finished-at="2020-04-22T18:10:04Z">
    <groups>
    </groups>
    <test name="EmployeeProject" duration-ms="8595" started-at="2020-04-22T18:09:55Z" finished-at="2020-04-22T18:10:04Z">
      <class name="testCases.TC003_POST_createEmployee">
        <test-method status="PASS" signature="setup()[pri:0, instance:testCases.TC003_POST_createEmployee@5c3bd550]" name="setup" is-config="true" duration-ms="1" started-at="2020-04-22T18:10:01Z" finished-at="2020-04-22T18:10:01Z">
          <reporter-output>
          </reporter-output>
        </test-method> <!-- setup -->
        <test-method status="PASS" signature="createEmployee()[pri:0, instance:testCases.TC003_POST_createEmployee@5c3bd550]" name="createEmployee" is-config="true" duration-ms="2876" started-at="2020-04-22T18:10:01Z" finished-at="2020-04-22T18:10:04Z">
          <reporter-output>
          </reporter-output>
        </test-method> <!-- createEmployee -->
        <test-method status="PASS" signature="responseBody()[pri:0, instance:testCases.TC003_POST_createEmployee@5c3bd550]" name="responseBody" duration-ms="3" started-at="2020-04-22T18:10:04Z" finished-at="2020-04-22T18:10:04Z">
          <reporter-output>
          </reporter-output>
        </test-method> <!-- responseBody -->
      </class> <!-- testCases.TC003_POST_createEmployee -->
      <class name="testCases.TC001_GET_allEmployees">
        <test-method status="PASS" signature="setup()[pri:0, instance:testCases.TC001_GET_allEmployees@1bce4f0a]" name="setup" is-config="true" duration-ms="94" started-at="2020-04-22T18:09:55Z" finished-at="2020-04-22T18:09:55Z">
          <reporter-output>
          </reporter-output>
        </test-method> <!-- setup -->
        <test-method status="PASS" signature="getAllEmployees()[pri:0, instance:testCases.TC001_GET_allEmployees@1bce4f0a]" name="getAllEmployees" is-config="true" duration-ms="1844" started-at="2020-04-22T18:09:55Z" finished-at="2020-04-22T18:09:57Z">
          <reporter-output>
          </reporter-output>
        </test-method> <!-- getAllEmployees -->
        <test-method status="PASS" signature="checkResponseTime()[pri:0, instance:testCases.TC001_GET_allEmployees@1bce4f0a]" name="checkResponseTime" duration-ms="7" started-at="2020-04-22T18:09:57Z" finished-at="2020-04-22T18:09:57Z">
          <reporter-output>
          </reporter-output>
        </test-method> <!-- checkResponseTime -->
        <test-method status="PASS" signature="checkStatusCode()[pri:0, instance:testCases.TC001_GET_allEmployees@1bce4f0a]" name="checkStatusCode" duration-ms="11" started-at="2020-04-22T18:09:57Z" finished-at="2020-04-22T18:09:57Z">
          <reporter-output>
          </reporter-output>
        </test-method> <!-- checkStatusCode -->
        <test-method status="PASS" signature="checkStatusLine()[pri:0, instance:testCases.TC001_GET_allEmployees@1bce4f0a]" name="checkStatusLine" duration-ms="7" started-at="2020-04-22T18:09:57Z" finished-at="2020-04-22T18:09:57Z">
          <reporter-output>
          </reporter-output>
        </test-method> <!-- checkStatusLine -->
        <test-method status="PASS" signature="validateResponseBody()[pri:0, instance:testCases.TC001_GET_allEmployees@1bce4f0a]" name="validateResponseBody" duration-ms="71" started-at="2020-04-22T18:09:57Z" finished-at="2020-04-22T18:09:57Z">
          <reporter-output>
          </reporter-output>
        </test-method> <!-- validateResponseBody -->
        <test-method status="PASS" signature="tearDown()[pri:0, instance:testCases.TC001_GET_allEmployees@1bce4f0a]" name="tearDown" is-config="true" duration-ms="4" started-at="2020-04-22T18:09:57Z" finished-at="2020-04-22T18:09:57Z">
          <reporter-output>
          </reporter-output>
        </test-method> <!-- tearDown -->
      </class> <!-- testCases.TC001_GET_allEmployees -->
      <class name="testCases.TC002_POST_getEmployeeData">
        <test-method status="PASS" signature="setup()[pri:0, instance:testCases.TC002_POST_getEmployeeData@5e3a8624]" name="setup" is-config="true" duration-ms="1" started-at="2020-04-22T18:09:57Z" finished-at="2020-04-22T18:09:57Z">
          <reporter-output>
          </reporter-output>
        </test-method> <!-- setup -->
        <test-method status="PASS" signature="getEmployeeData()[pri:0, instance:testCases.TC002_POST_getEmployeeData@5e3a8624]" name="getEmployeeData" is-config="true" duration-ms="3599" started-at="2020-04-22T18:09:57Z" finished-at="2020-04-22T18:10:01Z">
          <reporter-output>
          </reporter-output>
        </test-method> <!-- getEmployeeData -->
        <test-method status="PASS" signature="getResponseBody()[pri:0, instance:testCases.TC002_POST_getEmployeeData@5e3a8624]" name="getResponseBody" duration-ms="2" started-at="2020-04-22T18:10:01Z" finished-at="2020-04-22T18:10:01Z">
          <reporter-output>
          </reporter-output>
        </test-method> <!-- getResponseBody -->
        <test-method status="FAIL" signature="getResponseCode()[pri:0, instance:testCases.TC002_POST_getEmployeeData@5e3a8624]" name="getResponseCode" duration-ms="3" started-at="2020-04-22T18:10:01Z" finished-at="2020-04-22T18:10:01Z">
          <exception class="java.lang.AssertionError">
            <message>
              <![CDATA[expected [200] but found [400]]]>
            </message>
            <full-stacktrace>
              <![CDATA[java.lang.AssertionError: expected [200] but found [400]
at org.testng.Assert.fail(Assert.java:96)
at org.testng.Assert.failNotEquals(Assert.java:776)
at org.testng.Assert.assertEqualsImpl(Assert.java:137)
at org.testng.Assert.assertEquals(Assert.java:118)
at org.testng.Assert.assertEquals(Assert.java:652)
at org.testng.Assert.assertEquals(Assert.java:662)
at testCases.TC002_POST_getEmployeeData.getResponseCode(TC002_POST_getEmployeeData.java:37)
at sun.reflect.NativeMethodAccessorImpl.invoke0(Native Method)
at sun.reflect.NativeMethodAccessorImpl.invoke(NativeMethodAccessorImpl.java:62)
at sun.reflect.DelegatingMethodAccessorImpl.invoke(DelegatingMethodAccessorImpl.java:43)
at java.lang.reflect.Method.invoke(Method.java:498)
at org.testng.internal.MethodInvocationHelper.invokeMethod(MethodInvocationHelper.java:124)
at org.testng.internal.Invoker.invokeMethod(Invoker.java:583)
at org.testng.internal.Invoker.invokeTestMethod(Invoker.java:719)
at org.testng.internal.Invoker.invokeTestMethods(Invoker.java:989)
at org.testng.internal.TestMethodWorker.invokeTestMethods(TestMethodWorker.java:125)
at org.testng.internal.TestMethodWorker.run(TestMethodWorker.java:109)
at org.testng.TestRunner.privateRun(TestRunner.java:648)
at org.testng.TestRunner.run(TestRunner.java:505)
at org.testng.SuiteRunner.runTest(SuiteRunner.java:455)
at org.testng.SuiteRunner.runSequentially(SuiteRunner.java:450)
at org.testng.SuiteRunner.privateRun(SuiteRunner.java:415)
at org.testng.SuiteRunner.run(SuiteRunner.java:364)
at org.testng.SuiteRunnerWorker.runSuite(SuiteRunnerWorker.java:52)
at org.testng.SuiteRunnerWorker.run(SuiteRunnerWorker.java:84)
at org.testng.TestNG.runSuitesSequentially(TestNG.java:1208)
at org.testng.TestNG.runSuitesLocally(TestNG.java:1137)
at org.testng.TestNG.runSuites(TestNG.java:1049)
at org.testng.TestNG.run(TestNG.java:1017)
at org.testng.remote.AbstractRemoteTestNG.run(AbstractRemoteTestNG.java:115)
at org.testng.remote.RemoteTestNG.initAndRun(RemoteTestNG.java:251)
at org.testng.remote.RemoteTestNG.main(RemoteTestNG.java:77)
]]>
            </full-stacktrace>
          </exception> <!-- java.lang.AssertionError -->
          <reporter-output>
          </reporter-output>
        </test-method> <!-- getResponseCode -->
      </class> <!-- testCases.TC002_POST_getEmployeeData -->
    </test> <!-- EmployeeProject -->
  </suite> <!-- RESTASSURED -->
</testng-results>
